Performing C SOURCE FILE Test CMAKE_HAVE_LIBC_PTHREAD failed with the following output:
Change Dir: /home/hova/cuda_template/build/CMakeFiles/CMakeTmp

Run Build Command(s):/usr/bin/make cmTC_de5c7/fast && /usr/bin/make -f CMakeFiles/cmTC_de5c7.dir/build.make CMakeFiles/cmTC_de5c7.dir/build
make[1]: Entering directory '/home/hova/cuda_template/build/CMakeFiles/CMakeTmp'
Building C object CMakeFiles/cmTC_de5c7.dir/src.c.o
/usr/bin/cc   -DCMAKE_HAVE_LIBC_PTHREAD   -o CMakeFiles/cmTC_de5c7.dir/src.c.o   -c /home/hova/cuda_template/build/CMakeFiles/CMakeTmp/src.c
Linking C executable cmTC_de5c7
/home/hova/anaconda3/lib/python3.7/site-packages/cmake/data/bin/cmake -E cmake_link_script CMakeFiles/cmTC_de5c7.dir/link.txt --verbose=1
/usr/bin/cc  -DCMAKE_HAVE_LIBC_PTHREAD    CMakeFiles/cmTC_de5c7.dir/src.c.o  -o cmTC_de5c7 
CMakeFiles/cmTC_de5c7.dir/src.c.o: In function `main':
src.c:(.text+0x3e): undefined reference to `pthread_create'
src.c:(.text+0x4a): undefined reference to `pthread_detach'
src.c:(.text+0x56): undefined reference to `pthread_cancel'
src.c:(.text+0x67): undefined reference to `pthread_join'
src.c:(.text+0x7b): undefined reference to `pthread_atfork'
collect2: error: ld returned 1 exit status
CMakeFiles/cmTC_de5c7.dir/build.make:103: recipe for target 'cmTC_de5c7' failed
make[1]: *** [cmTC_de5c7] Error 1
make[1]: Leaving directory '/home/hova/cuda_template/build/CMakeFiles/CMakeTmp'
Makefile:138: recipe for target 'cmTC_de5c7/fast' failed
make: *** [cmTC_de5c7/fast] Error 2


Source file was:
#include <pthread.h>

void* test_func(void* data)
{
  return data;
}

int main(void)
{
  pthread_t thread;
  pthread_create(&thread, NULL, test_func, NULL);
  pthread_detach(thread);
  pthread_cancel(thread);
  pthread_join(thread, NULL);
  pthread_atfork(NULL, NULL, NULL);
  pthread_exit(NULL);

  return 0;
}

Determining if the function pthread_create exists in the pthreads failed with the following output:
Change Dir: /home/hova/cuda_template/build/CMakeFiles/CMakeTmp

Run Build Command(s):/usr/bin/make cmTC_16d71/fast && /usr/bin/make -f CMakeFiles/cmTC_16d71.dir/build.make CMakeFiles/cmTC_16d71.dir/build
make[1]: Entering directory '/home/hova/cuda_template/build/CMakeFiles/CMakeTmp'
Building C object CMakeFiles/cmTC_16d71.dir/CheckFunctionExists.c.o
/usr/bin/cc   -DCHECK_FUNCTION_EXISTS=pthread_create   -o CMakeFiles/cmTC_16d71.dir/CheckFunctionExists.c.o   -c /home/hova/anaconda3/lib/python3.7/site-packages/cmake/data/share/cmake-3.17/Modules/CheckFunctionExists.c
Linking C executable cmTC_16d71
/home/hova/anaconda3/lib/python3.7/site-packages/cmake/data/bin/cmake -E cmake_link_script CMakeFiles/cmTC_16d71.dir/link.txt --verbose=1
/usr/bin/cc  -DCHECK_FUNCTION_EXISTS=pthread_create    CMakeFiles/cmTC_16d71.dir/CheckFunctionExists.c.o  -o cmTC_16d71  -lpthreads 
/usr/bin/ld: cannot find -lpthreads
collect2: error: ld returned 1 exit status
CMakeFiles/cmTC_16d71.dir/build.make:103: recipe for target 'cmTC_16d71' failed
make[1]: *** [cmTC_16d71] Error 1
make[1]: Leaving directory '/home/hova/cuda_template/build/CMakeFiles/CMakeTmp'
Makefile:138: recipe for target 'cmTC_16d71/fast' failed
make: *** [cmTC_16d71/fast] Error 2



